SF:lib/entities/Player.dart
DA:7,1
DA:25,2
DA:26,1
DA:27,1
DA:28,1
DA:29,1
DA:30,1
DA:31,1
LF:8
LH:8
end_of_record
SF:lib/features/counter/page.dart
DA:8,4
DA:11,1
DA:13,1
DA:15,2
DA:16,1
DA:17,1
DA:20,1
DA:21,1
DA:22,1
DA:23,3
DA:26,1
DA:28,1
DA:29,5
LF:13
LH:13
end_of_record
SF:lib/features/players/page.dart
DA:8,3
DA:9,0
DA:16,1
DA:18,1
DA:34,2
DA:36,1
DA:38,2
DA:40,1
DA:41,1
DA:44,1
DA:45,1
DA:46,1
DA:47,2
DA:48,1
DA:49,1
DA:50,1
DA:55,1
DA:58,1
DA:59,4
DA:60,2
DA:61,3
DA:68,3
DA:69,1
LF:23
LH:22
end_of_record
SF:lib/entities/filter.dart
DA:1,1
LF:1
LH:1
end_of_record
SF:lib/repositories/PlayerRepository.dart
DA:9,0
DA:10,0
DA:13,0
DA:14,0
DA:15,0
DA:17,0
DA:19,0
DA:25,0
LF:8
LH:0
end_of_record
